<?xml version="1.0" encoding="UTF-8"?>
<!-- Generated by org.testng.reporters.JUnitReportReporter -->
<testsuite hostname="FULL636-PRO.local" failures="0" tests="1" name="com.answerconnect.deployment.testcases.FilterMessage" time="0.484" errors="0" timestamp="2022-11-29T12:48:24 IST" skipped="0">
  <testcase classname="com.answerconnect.deployment.testcases.FilterMessage" name="filtermessage" time="0.484"/>
  <system-out/>
</testsuite> <!-- com.answerconnect.deployment.testcases.FilterMessage -->
