<?xml version="1.0" encoding="UTF-8"?>
<!-- Generated by org.testng.reporters.JUnitReportReporter -->
<testsuite hostname="FULL636-PRO.local" failures="0" tests="1" name="com.answerconnect.deployment.testcases.AddNote" time="43.938" errors="0" timestamp="2022-11-24T19:22:28 IST" skipped="0">
  <testcase classname="com.answerconnect.deployment.testcases.AddNote" name="addNote" time="43.938"/>
  <system-out/>
</testsuite> <!-- com.answerconnect.deployment.testcases.AddNote -->
