<?xml version="1.0" encoding="UTF-8"?>
<!-- Generated by org.testng.reporters.JUnitReportReporter -->
<testsuite hostname="FULL636-PRO.local" failures="0" tests="1" name="com.answerconnect.deployment.testcases.SignOut" time="28.088" errors="0" timestamp="2022-11-29T12:51:43 IST" skipped="0">
  <testcase classname="com.answerconnect.deployment.testcases.SignOut" name="signOut" time="28.088"/>
  <system-out/>
</testsuite> <!-- com.answerconnect.deployment.testcases.SignOut -->
