<?xml version="1.0" encoding="UTF-8"?>
<!-- Generated by org.testng.reporters.JUnitReportReporter -->
<testsuite hostname="FULL636-PRO.local" failures="0" tests="1" name="com.answerconnect.deployment.testcases.Sign_In_Anct" time="11.704" errors="0" timestamp="2022-11-28T21:41:09 IST" skipped="0">
  <testcase classname="com.answerconnect.deployment.testcases.Sign_In_Anct" name="signIn" time="11.704"/>
  <system-out/>
</testsuite> <!-- com.answerconnect.deployment.testcases.Sign_In_Anct -->
