<?xml version="1.0" encoding="UTF-8"?>
<!-- Generated by org.testng.reporters.JUnitReportReporter -->
<testsuite hostname="FULL636-PRO.local" failures="0" tests="1" name="com.answerconnect.deployment.testcases.Inbox" time="31.051" errors="0" timestamp="2022-11-28T22:17:06 IST" skipped="0">
  <testcase classname="com.answerconnect.deployment.testcases.Inbox" name="inbox" time="31.051"/>
  <system-out/>
</testsuite> <!-- com.answerconnect.deployment.testcases.Inbox -->
